<?xml version="1.0" encoding="UTF-8"?>
<testng-results skipped="0" failed="0" total="0" passed="0">
  <reporter-output>
  </reporter-output>
  <suite name="Automationframework" duration-ms="33" started-at="2020-12-27T08:51:00Z" finished-at="2020-12-27T08:51:00Z">
    <groups>
    </groups>
    <test name="Properties file" duration-ms="33" started-at="2020-12-27T08:51:00Z" finished-at="2020-12-27T08:51:00Z">
    </test> <!-- Properties file -->
  </suite> <!-- Automationframework -->
</testng-results>
